Pseudo-terminal will not be allocated because stdin is not a terminal.
[1m------------------------------------------------------------------------------------------------------------------------
-- Unfortunately, we are only using CPUs now.
------------------------------------------------------------------------------------------------------------------------
[22m------------------------------------------------------------------------------------------------------------------------
Loading checkpoint shards:   0%|          | 0/14 [00:00<?, ?it/s]Loading checkpoint shards:   7%|â–‹         | 1/14 [00:10<02:15, 10.44s/it]Loading checkpoint shards:  14%|â–ˆâ–        | 2/14 [00:20<02:02, 10.21s/it]Loading checkpoint shards:  21%|â–ˆâ–ˆâ–       | 3/14 [00:29<01:48,  9.89s/it]Loading checkpoint shards:  29%|â–ˆâ–ˆâ–Š       | 4/14 [00:39<01:36,  9.69s/it]Loading checkpoint shards:  36%|â–ˆâ–ˆâ–ˆâ–Œ      | 5/14 [00:48<01:26,  9.56s/it]Loading checkpoint shards:  43%|â–ˆâ–ˆâ–ˆâ–ˆâ–Ž     | 6/14 [00:57<01:15,  9.46s/it]Loading checkpoint shards:  50%|â–ˆâ–ˆâ–ˆâ–ˆâ–ˆ     | 7/14 [01:07<01:05,  9.36s/it]Loading checkpoint shards:  57%|â–ˆâ–ˆâ–ˆâ–ˆâ–ˆâ–‹    | 8/14 [01:15<00:54,  9.03s/it]Loading checkpoint shards:  64%|â–ˆâ–ˆâ–ˆâ–ˆâ–ˆâ–ˆâ–   | 9/14 [01:23<00:44,  8.86s/it]Loading checkpoint shards:  71%|â–ˆâ–ˆâ–ˆâ–ˆâ–ˆâ–ˆâ–ˆâ–  | 10/14 [01:32<00:35,  8.82s/it]Loading checkpoint shards:  79%|â–ˆâ–ˆâ–ˆâ–ˆâ–ˆâ–ˆâ–ˆâ–Š  | 11/14 [01:41<00:26,  8.71s/it]Loading checkpoint shards:  86%|â–ˆâ–ˆâ–ˆâ–ˆâ–ˆâ–ˆâ–ˆâ–ˆâ–Œ | 12/14 [01:49<00:17,  8.53s/it]Loading checkpoint shards:  93%|â–ˆâ–ˆâ–ˆâ–ˆâ–ˆâ–ˆâ–ˆâ–ˆâ–ˆâ–Ž| 13/14 [01:58<00:08,  8.79s/it]Loading checkpoint shards: 100%|â–ˆâ–ˆâ–ˆâ–ˆâ–ˆâ–ˆâ–ˆâ–ˆâ–ˆâ–ˆ| 14/14 [02:04<00:00,  7.88s/it]Loading checkpoint shards: 100%|â–ˆâ–ˆâ–ˆâ–ˆâ–ˆâ–ˆâ–ˆâ–ˆâ–ˆâ–ˆ| 14/14 [02:04<00:00,  8.89s/it]Here is a list of 18 candidate templates.

Single Template Mode


  0%|          | 0/1 [00:00<?, ?it/s]ic| is_lower: True
  0%|          | 0/1 [00:01<?, ?it/s]
Traceback (most recent call last):
  File "/home/as14229/NYU_HPC/LLM-Personality-Codebase/template/templates.py", line 22, in get_template
    with open(f"template/{folder}/{template_name}.txt", 'r') as f:
FileNotFoundError: [Errno 2] No such file or directory: 'template/candidates/[lc]-[ns]-[type-iii]-[ans-i].txt'

During handling of the above exception, another exception occurred:

Traceback (most recent call last):
  File "template/selection.py", line 246, in <module>
    main()
  File "template/selection.py", line 182, in main
    prompt_template = get_template(tmp_name)
  File "/home/as14229/NYU_HPC/LLM-Personality-Codebase/template/templates.py", line 26, in get_template
    assert False, "Unrecognized Template Type."
AssertionError: Unrecognized Template Type.
