Pseudo-terminal will not be allocated because stdin is not a terminal.
[1m------------------------------------------------------------------------------------------------------------------------
-- Unfortunately, we are only using CPUs now.
------------------------------------------------------------------------------------------------------------------------
[22m------------------------------------------------------------------------------------------------------------------------
Loading checkpoint shards:   0%|          | 0/14 [00:00<?, ?it/s]Loading checkpoint shards:   7%|▋         | 1/14 [00:10<02:19, 10.75s/it]Loading checkpoint shards:  14%|█▍        | 2/14 [00:21<02:07, 10.64s/it]Loading checkpoint shards:  21%|██▏       | 3/14 [00:32<01:57, 10.69s/it]Loading checkpoint shards:  29%|██▊       | 4/14 [00:42<01:44, 10.47s/it]Loading checkpoint shards:  36%|███▌      | 5/14 [00:52<01:33, 10.39s/it]Loading checkpoint shards:  43%|████▎     | 6/14 [01:02<01:23, 10.38s/it]Loading checkpoint shards:  50%|█████     | 7/14 [01:13<01:12, 10.35s/it]Loading checkpoint shards:  57%|█████▋    | 8/14 [01:23<01:01, 10.26s/it]Loading checkpoint shards:  64%|██████▍   | 9/14 [01:32<00:49,  9.92s/it]Loading checkpoint shards:  71%|███████▏  | 10/14 [01:41<00:39,  9.78s/it]Loading checkpoint shards:  79%|███████▊  | 11/14 [01:50<00:28,  9.48s/it]Loading checkpoint shards:  86%|████████▌ | 12/14 [01:58<00:18,  9.11s/it]Loading checkpoint shards:  93%|█████████▎| 13/14 [02:06<00:08,  8.77s/it]Loading checkpoint shards: 100%|██████████| 14/14 [02:12<00:00,  7.79s/it]Loading checkpoint shards: 100%|██████████| 14/14 [02:12<00:00,  9.46s/it]
Here is a list of 18 candidate templates.

Single Template Mode

  0%|          | 0/1 [00:00<?, ?it/s]ic| is_lower: True
  0%|          | 0/1 [00:03<?, ?it/s]
Traceback (most recent call last):
  File "/home/as14229/NYU_HPC/LLM-Personality-Codebase/template/templates.py", line 22, in get_template
    with open(f"template/{folder}/{template_name}.txt", 'r') as f:
FileNotFoundError: [Errno 2] No such file or directory: 'template/candidates/[lc]-[ns]-[type-i]-[ans-i].txt'

During handling of the above exception, another exception occurred:

Traceback (most recent call last):
  File "template/selection.py", line 246, in <module>
    main()
  File "template/selection.py", line 182, in main
    prompt_template = get_template(tmp_name)
  File "/home/as14229/NYU_HPC/LLM-Personality-Codebase/template/templates.py", line 26, in get_template
    assert False, "Unrecognized Template Type."
AssertionError: Unrecognized Template Type.
