Pseudo-terminal will not be allocated because stdin is not a terminal.
[1m------------------------------------------------------------------------------------------------------------------------
-- Unfortunately, we are only using CPUs now.
------------------------------------------------------------------------------------------------------------------------
[22m------------------------------------------------------------------------------------------------------------------------
Loading checkpoint shards:   0%|          | 0/14 [00:00<?, ?it/s]Loading checkpoint shards:   7%|â–‹         | 1/14 [00:12<02:47, 12.86s/it]Loading checkpoint shards:  14%|â–ˆâ–        | 2/14 [00:23<02:21, 11.77s/it]Loading checkpoint shards:  21%|â–ˆâ–ˆâ–       | 3/14 [00:35<02:09, 11.74s/it]Loading checkpoint shards:  29%|â–ˆâ–ˆâ–Š       | 4/14 [00:45<01:51, 11.10s/it]Loading checkpoint shards:  36%|â–ˆâ–ˆâ–ˆâ–Œ      | 5/14 [00:55<01:36, 10.73s/it]Loading checkpoint shards:  43%|â–ˆâ–ˆâ–ˆâ–ˆâ–Ž     | 6/14 [01:06<01:25, 10.66s/it]Loading checkpoint shards:  50%|â–ˆâ–ˆâ–ˆâ–ˆâ–ˆ     | 7/14 [01:17<01:16, 10.98s/it]Loading checkpoint shards:  57%|â–ˆâ–ˆâ–ˆâ–ˆâ–ˆâ–‹    | 8/14 [01:27<01:03, 10.53s/it]Loading checkpoint shards:  64%|â–ˆâ–ˆâ–ˆâ–ˆâ–ˆâ–ˆâ–   | 9/14 [01:37<00:51, 10.40s/it]Loading checkpoint shards:  71%|â–ˆâ–ˆâ–ˆâ–ˆâ–ˆâ–ˆâ–ˆâ–  | 10/14 [01:47<00:40, 10.19s/it]Loading checkpoint shards:  79%|â–ˆâ–ˆâ–ˆâ–ˆâ–ˆâ–ˆâ–ˆâ–Š  | 11/14 [01:56<00:30, 10.03s/it]Loading checkpoint shards:  86%|â–ˆâ–ˆâ–ˆâ–ˆâ–ˆâ–ˆâ–ˆâ–ˆâ–Œ | 12/14 [02:06<00:19,  9.93s/it]Loading checkpoint shards:  93%|â–ˆâ–ˆâ–ˆâ–ˆâ–ˆâ–ˆâ–ˆâ–ˆâ–ˆâ–Ž| 13/14 [02:15<00:09,  9.69s/it]Loading checkpoint shards: 100%|â–ˆâ–ˆâ–ˆâ–ˆâ–ˆâ–ˆâ–ˆâ–ˆâ–ˆâ–ˆ| 14/14 [02:21<00:00,  8.38s/it]Loading checkpoint shards: 100%|â–ˆâ–ˆâ–ˆâ–ˆâ–ˆâ–ˆâ–ˆâ–ˆâ–ˆâ–ˆ| 14/14 [02:21<00:00, 10.08s/it]Here is a list of 18 candidate templates.

Single Template Mode


  0%|          | 0/1 [00:00<?, ?it/s]ic| is_lower: True
  0%|          | 0/1 [00:01<?, ?it/s]
Traceback (most recent call last):
  File "/home/as14229/NYU_HPC/LLM-Personality-Codebase/template/templates.py", line 22, in get_template
    with open(f"template/{folder}/{template_name}.txt", 'r') as f:
FileNotFoundError: [Errno 2] No such file or directory: 'template/candidates/[lc]-[s]-[type-iii]-[ans-ii].txt'

During handling of the above exception, another exception occurred:

Traceback (most recent call last):
  File "template/selection.py", line 246, in <module>
    main()
  File "template/selection.py", line 182, in main
    prompt_template = get_template(tmp_name)
  File "/home/as14229/NYU_HPC/LLM-Personality-Codebase/template/templates.py", line 26, in get_template
    assert False, "Unrecognized Template Type."
AssertionError: Unrecognized Template Type.
